0 info it worked if it ends with ok
1 verbose cli [ 'C:\\Program Files\\nodejs\\node.exe',
1 verbose cli   'C:\\Users\\Stian\\AppData\\Roaming\\npm\\node_modules\\npm\\bin\\npm-cli.js',
1 verbose cli   'publish' ]
2 info using npm@2.5.0
3 info using node@v4.1.1
4 verbose publish [ '.' ]
5 silly cache add args [ '.', null ]
6 verbose cache add spec .
7 silly cache add parsed spec Result {
7 silly cache add   raw: '.',
7 silly cache add   scope: null,
7 silly cache add   name: null,
7 silly cache add   rawSpec: '.',
7 silly cache add   spec: 'C:\\Dev\\cordova-plugin-flytit-thumbcreator',
7 silly cache add   type: 'directory' }
8 verbose addLocalDirectory C:\Users\Stian\AppData\Roaming\npm-cache\cordova-plugin-flytit-thumbcreator\0.0.1\package.tgz not in flight; packing
9 verbose tar pack [ 'C:\\Users\\Stian\\AppData\\Roaming\\npm-cache\\cordova-plugin-flytit-thumbcreator\\0.0.1\\package.tgz',
9 verbose tar pack   'C:\\Dev\\cordova-plugin-flytit-thumbcreator' ]
10 verbose tarball C:\Users\Stian\AppData\Roaming\npm-cache\cordova-plugin-flytit-thumbcreator\0.0.1\package.tgz
11 verbose folder C:\Dev\cordova-plugin-flytit-thumbcreator
12 info prepublish cordova-plugin-flytit-thumbcreator@0.0.1
13 verbose addLocalTarball adding from inside cache C:\Users\Stian\AppData\Roaming\npm-cache\cordova-plugin-flytit-thumbcreator\0.0.1\package.tgz
14 silly cache afterAdd cordova-plugin-flytit-thumbcreator@0.0.1
15 verbose afterAdd C:\Users\Stian\AppData\Roaming\npm-cache\cordova-plugin-flytit-thumbcreator\0.0.1\package\package.json not in flight; writing
16 verbose afterAdd C:\Users\Stian\AppData\Roaming\npm-cache\cordova-plugin-flytit-thumbcreator\0.0.1\package\package.json written
17 silly publish { version: '0.0.1',
17 silly publish   name: 'cordova-plugin-flytit-thumbcreator',
17 silly publish   cordova_name: 'ThumbCreator Plugin',
17 silly publish   description: 'ThumbCreator Plugin',
17 silly publish   license: 'Apache 2.0',
17 silly publish   repo: '',
17 silly publish   issue: '',
17 silly publish   keywords: [ 'ecosystem:cordova', 'cordova-android', 'device' ],
17 silly publish   platforms: [ 'android' ],
17 silly publish   engines: [],
17 silly publish   englishdoc: '',
17 silly publish   repository:
17 silly publish    { type: 'git',
17 silly publish      url: 'https://github.com/flytit/cordova-plugin-flytit-thumbcreator.git' },
17 silly publish   readme: '# cordova-plugin-flytit-thumbcreator\nThumbnail creator plugin for cordova\n\nThis plugin defines a global ThumbCreator object.\n\n## Installation\ncordova plugin add cordova-plugin-flytit-thumbcreator\n\n# API Reference\n\n\n* [ThumbCreator](#thumbCreator)\n  * [.createThumb(fromUri, folderToSaveThumb, successCallback, errorCallback)](#thumbCreator.createThumb)\n  \n  <a name="thumbCreator"></a>\n## ThumbCreator\n\n### ThumbCreator.createThumb(fromUri, folderToSaveThumb, successCallback, errorCallback)\nThe createThumb function creates a thumb from the uri in fromUri (ex: \'/DCIM/Camera/2015011102020.jpg\'), and saves the thumb to the folder specified in folderToSaveThumb (ex: \'/YourFolder/thumbs\'). \n\nThe return value is sent to the successCallback:\n -  An object containing:\n  - absolutePath\n  - shortPath (without external storage directory, ex: (\'/YourFolder/thumbs/_thumb_2015011102020.jpg\')\n ',
17 silly publish   readmeFilename: 'README.md',
17 silly publish   gitHead: 'cb5bd95d4b0bd1cf0b3c53c25433c76366b10a64',
17 silly publish   bugs: { url: 'https://github.com/flytit/cordova-plugin-flytit-thumbcreator/issues' },
17 silly publish   homepage: 'https://github.com/flytit/cordova-plugin-flytit-thumbcreator',
17 silly publish   _id: 'cordova-plugin-flytit-thumbcreator@0.0.1',
17 silly publish   scripts: {},
17 silly publish   _shasum: '6564782f4ebb590052ca3e5b68b28af8ddaa6e31',
17 silly publish   _from: '.' }
18 silly mapToRegistry name cordova-plugin-flytit-thumbcreator
19 silly mapToRegistry using default registry
20 silly mapToRegistry registry https://registry.npmjs.org/
21 silly mapToRegistry uri https://registry.npmjs.org/cordova-plugin-flytit-thumbcreator
22 verbose publish registryBase https://registry.npmjs.org/
23 silly publish uploading C:\Users\Stian\AppData\Roaming\npm-cache\cordova-plugin-flytit-thumbcreator\0.0.1\package.tgz
24 verbose request uri https://registry.npmjs.org/cordova-plugin-flytit-thumbcreator
25 verbose request sending authorization for write operation
26 info attempt registry request try #1 at 10:11:34
27 verbose request using bearer token for auth
28 verbose request id b451ce351c93609a
29 http request PUT https://registry.npmjs.org/cordova-plugin-flytit-thumbcreator
30 http 403 https://registry.npmjs.org/cordova-plugin-flytit-thumbcreator
31 verbose headers { 'content-type': 'application/json',
31 verbose headers   'cache-control': 'max-age=60',
31 verbose headers   'content-length': '95',
31 verbose headers   'accept-ranges': 'bytes',
31 verbose headers   date: 'Mon, 02 Nov 2015 09:11:33 GMT',
31 verbose headers   via: '1.1 varnish',
31 verbose headers   connection: 'keep-alive',
31 verbose headers   'x-served-by': 'cache-fra1242-FRA',
31 verbose headers   'x-cache': 'MISS',
31 verbose headers   'x-cache-hits': '0',
31 verbose headers   'x-timer': 'S1446455491.956384,VS0,VE1660' }
32 verbose request invalidating C:\Users\Stian\AppData\Roaming\npm-cache\registry.npmjs.org\cordova-plugin-flytit-thumbcreator on PUT
33 error publish Failed PUT 403
34 verbose stack Error: "You cannot publish over the previously published version 0.0.1." : cordova-plugin-flytit-thumbcreator
34 verbose stack     at CachingRegistryClient.<anonymous> (C:\Users\Stian\AppData\Roaming\npm\node_modules\npm\node_modules\npm-registry-client\lib\request.js:254:14)
34 verbose stack     at Request._callback (C:\Users\Stian\AppData\Roaming\npm\node_modules\npm\node_modules\npm-registry-client\lib\request.js:178:14)
34 verbose stack     at Request.self.callback (C:\Users\Stian\AppData\Roaming\npm\node_modules\npm\node_modules\request\request.js:373:22)
34 verbose stack     at emitTwo (events.js:87:13)
34 verbose stack     at Request.emit (events.js:172:7)
34 verbose stack     at Request.<anonymous> (C:\Users\Stian\AppData\Roaming\npm\node_modules\npm\node_modules\request\request.js:1318:14)
34 verbose stack     at emitOne (events.js:82:20)
34 verbose stack     at Request.emit (events.js:169:7)
34 verbose stack     at IncomingMessage.<anonymous> (C:\Users\Stian\AppData\Roaming\npm\node_modules\npm\node_modules\request\request.js:1266:12)
34 verbose stack     at emitNone (events.js:72:20)
35 verbose statusCode 403
36 verbose pkgid cordova-plugin-flytit-thumbcreator
37 verbose cwd C:\Dev\cordova-plugin-flytit-thumbcreator
38 error Windows_NT 6.3.9600
39 error argv "C:\\Program Files\\nodejs\\node.exe" "C:\\Users\\Stian\\AppData\\Roaming\\npm\\node_modules\\npm\\bin\\npm-cli.js" "publish"
40 error node v4.1.1
41 error npm  v2.5.0
42 error code E403
43 error "You cannot publish over the previously published version 0.0.1." : cordova-plugin-flytit-thumbcreator
44 error If you need help, you may report this error at:
44 error     <http://github.com/npm/npm/issues>
45 verbose exit [ 1, true ]
